%このファイルは日本語文字を含みます.
\BOOKMARK [-1][-]{part.1}{第I部 複素解析学Ⅰ}{}% 1
\BOOKMARK [0][-]{chapter.1}{複素数}{part.1}% 2
\BOOKMARK [1][-]{section.1.1}{複素数の構成}{chapter.1}% 3
\BOOKMARK [1][-]{section.1.2}{その他の構成と一意性：複素化，代数的閉包}{chapter.1}% 4
\BOOKMARK [1][-]{section.1.3}{複素数特有の抽象的性質}{chapter.1}% 5
\BOOKMARK [1][-]{section.1.4}{複素数の積の幾何的性質}{chapter.1}% 6
\BOOKMARK [1][-]{section.1.5}{等角性と複素線形性は同値}{chapter.1}% 7
\BOOKMARK [1][-]{section.1.6}{演習}{chapter.1}% 8
\BOOKMARK [0][-]{chapter.2}{複素関数}{part.1}% 9
\BOOKMARK [1][-]{section.2.1}{複素数列の収束}{chapter.2}% 10
\BOOKMARK [1][-]{section.2.2}{複素関数}{chapter.2}% 11
\BOOKMARK [1][-]{section.2.3}{Cauchy-Riemann作用素：等角写像性を接空間上で再考}{chapter.2}% 12
\BOOKMARK [1][-]{section.2.4}{Cauchy-Riemann作用素による微分幾何概観}{chapter.2}% 13
\BOOKMARK [1][-]{section.2.5}{指数関数}{chapter.2}% 14
\BOOKMARK [1][-]{section.2.6}{連結性から，正則関数の姿を探る}{chapter.2}% 15
\BOOKMARK [1][-]{section.2.7}{Riemann球面}{chapter.2}% 16
\BOOKMARK [1][-]{section.2.8}{Schwartzian derivativeによる一次変換の特徴付け}{chapter.2}% 17
\BOOKMARK [1][-]{section.2.9}{演習}{chapter.2}% 18
\BOOKMARK [0][-]{chapter.3}{冪級数}{part.1}% 19
\BOOKMARK [1][-]{section.3.1}{級数とは無限和}{chapter.3}% 20
\BOOKMARK [1][-]{section.3.2}{冪級数と収束半径}{chapter.3}% 21
\BOOKMARK [1][-]{section.3.3}{三角関数と指数関数}{chapter.3}% 22
\BOOKMARK [1][-]{section.3.4}{対数関数}{chapter.3}% 23
\BOOKMARK [0][-]{chapter.4}{写像としての解析関数}{part.1}% 24
\BOOKMARK [0][-]{chapter.5}{複素積分}{part.1}% 25
\BOOKMARK [0][-]{chapter*.4}{参考文献}{part.1}% 26
