%このファイルは日本語文字を含みます.
\BOOKMARK [0][-]{chapter.1}{集合}{}% 1
\BOOKMARK [1][-]{section.1.1}{集合の元と部分集合，論理記号}{chapter.1}% 2
\BOOKMARK [1][-]{section.1.2}{元についての条件と部分集合}{chapter.1}% 3
\BOOKMARK [1][-]{section.1.3}{冪集合と積}{chapter.1}% 4
\BOOKMARK [2][-]{subsection.1.3.1}{集合の同型類\(skelton\)}{section.1.3}% 5
\BOOKMARK [1][-]{section.1.4}{同値関係と順序}{chapter.1}% 6
\BOOKMARK [1][-]{section.1.5}{ZFC公理系}{chapter.1}% 7
\BOOKMARK [0][-]{chapter.2}{写像}{}% 8
\BOOKMARK [1][-]{section.2.1}{写像の定義}{chapter.2}% 9
\BOOKMARK [2][-]{subsection.2.1.1}{写像の例}{section.2.1}% 10
\BOOKMARK [1][-]{section.2.2}{写像の合成}{chapter.2}% 11
\BOOKMARK [1][-]{section.2.3}{可逆写像}{chapter.2}% 12
\BOOKMARK [2][-]{subsection.2.3.1}{写像が可逆であることと同値な条件の探索}{section.2.3}% 13
\BOOKMARK [1][-]{section.2.4}{集合族}{chapter.2}% 14
\BOOKMARK [2][-]{subsection.2.4.1}{集合演算の無限への拡張}{section.2.4}% 15
\BOOKMARK [2][-]{subsection.2.4.2}{集合族からの構成}{section.2.4}% 16
\BOOKMARK [2][-]{subsection.2.4.3}{写像演算}{section.2.4}% 17
\BOOKMARK [2][-]{subsection.2.4.4}{直和と直積の普遍性}{section.2.4}% 18
\BOOKMARK [1][-]{section.2.5}{逆像と像}{chapter.2}% 19
\BOOKMARK [2][-]{subsection.2.5.1}{像と逆像による表現}{section.2.5}% 20
\BOOKMARK [2][-]{subsection.2.5.2}{像と逆像の集合演算・順序構造に対する関手性}{section.2.5}% 21
\BOOKMARK [1][-]{section.2.6}{商集合と写像の標準分解}{chapter.2}% 22
\BOOKMARK [1][-]{section.2.7}{単射と全射}{chapter.2}% 23
\BOOKMARK [1][-]{section.2.8}{引き起こされる写像}{chapter.2}% 24
\BOOKMARK [2][-]{subsection.2.8.1}{写像が全射によって分解されるための条件を考える}{section.2.8}% 25
\BOOKMARK [1][-]{section.2.9}{数の構成}{chapter.2}% 26
\BOOKMARK [0][-]{chapter.3}{実数と位相}{}% 27
\BOOKMARK [1][-]{section.3.1}{実数の構成}{chapter.3}% 28
\BOOKMARK [2][-]{subsection.3.1.1}{Dedekindの構成}{section.3.1}% 29
\BOOKMARK [2][-]{subsection.3.1.2}{実数の連続性}{section.3.1}% 30
\BOOKMARK [1][-]{section.3.2}{Euclid空間上の開集合}{chapter.3}% 31
\BOOKMARK [2][-]{subsection.3.2.1}{距離空間：Euclid space}{section.3.2}% 32
\BOOKMARK [2][-]{subsection.3.2.2}{開集合と閉集合とその特徴づけ}{section.3.2}% 33
\BOOKMARK [2][-]{subsection.3.2.3}{点列の収束の特徴付け}{section.3.2}% 34
\BOOKMARK [1][-]{section.3.3}{連続写像}{chapter.3}% 35
\BOOKMARK [0][-]{chapter.4}{位相}{}% 36
\BOOKMARK [0][-]{chapter.5}{位相空間の構成}{}% 37
\BOOKMARK [1][-]{section.5.1}{生成される位相}{chapter.5}% 38
\BOOKMARK [1][-]{section.5.2}{距離空間}{chapter.5}% 39
\BOOKMARK [0][-]{chapter.6}{位相空間の性質}{}% 40
\BOOKMARK [1][-]{section.6.1}{Hausdorff空間}{chapter.6}% 41
\BOOKMARK [1][-]{section.6.2}{連結性}{chapter.6}% 42
\BOOKMARK [1][-]{section.6.3}{コンパクト性と実数}{chapter.6}% 43
\BOOKMARK [0][-]{chapter.7}{濃度}{}% 44
\BOOKMARK [0][-]{chapter.8}{距離空間と可算性}{}% 45
\BOOKMARK [0][-]{chapter*.2}{参考文献}{}% 46
