%このファイルは日本語文字を含みます.
\BOOKMARK [0][-]{chapter.1}{線型空間}{}% 1
\BOOKMARK [1][-]{section.1.1}{体}{chapter.1}% 2
\BOOKMARK [1][-]{section.1.2}{線型空間の定義}{chapter.1}% 3
\BOOKMARK [1][-]{section.1.3}{線型空間の構成例}{chapter.1}% 4
\BOOKMARK [1][-]{section.1.4}{部分空間}{chapter.1}% 5
\BOOKMARK [1][-]{section.1.5}{次元}{chapter.1}% 6
\BOOKMARK [1][-]{section.1.6}{無限次元空間}{chapter.1}% 7
\BOOKMARK [0][-]{chapter.2}{線型写像}{}% 8
\BOOKMARK [1][-]{section.2.1}{線型写像の定義}{chapter.2}% 9
\BOOKMARK [1][-]{section.2.2}{線型写像の例}{chapter.2}% 10
\BOOKMARK [1][-]{section.2.3}{行列表示}{chapter.2}% 11
\BOOKMARK [1][-]{section.2.4}{核と像}{chapter.2}% 12
\BOOKMARK [1][-]{section.2.5}{完全系列と直和分解}{chapter.2}% 13
\BOOKMARK [0][-]{chapter.3}{自己準同型}{}% 14
\BOOKMARK [1][-]{section.3.1}{最小多項式}{chapter.3}% 15
\BOOKMARK [1][-]{section.3.2}{固有値と対角化}{chapter.3}% 16
\BOOKMARK [1][-]{section.3.3}{一般固有空間と三角化}{chapter.3}% 17
\BOOKMARK [1][-]{section.3.4}{冪零自己準同型とJordan標準形}{chapter.3}% 18
\BOOKMARK [1][-]{section.3.5}{行列式}{chapter.3}% 19
\BOOKMARK [1][-]{section.3.6}{固有多項式}{chapter.3}% 20
\BOOKMARK [1][-]{section.3.7}{漸化式を満たす数列と定数係数線型常微分方程式}{chapter.3}% 21
\BOOKMARK [0][-]{chapter.4}{双対空間}{}% 22
\BOOKMARK [1][-]{section.4.1}{双対空間}{chapter.4}% 23
\BOOKMARK [1][-]{section.4.2}{零化空間，再双対空間}{chapter.4}% 24
\BOOKMARK [1][-]{section.4.3}{双対写像}{chapter.4}% 25
\BOOKMARK [1][-]{section.4.4}{線型写像の空間}{chapter.4}% 26
\BOOKMARK [0][-]{chapter.5}{双線型形式}{}% 27
\BOOKMARK [1][-]{section.5.1}{双線型形式}{chapter.5}% 28
\BOOKMARK [1][-]{section.5.2}{対称形式}{chapter.5}% 29
\BOOKMARK [1][-]{section.5.3}{エルミート形式}{chapter.5}% 30
\BOOKMARK [1][-]{section.5.4}{交代形式}{chapter.5}% 31
\BOOKMARK [0][-]{chapter.6}{群と作用}{}% 32
\BOOKMARK [0][-]{chapter.7}{商空間}{}% 33
\BOOKMARK [0][-]{chapter.8}{テンソル積と外積}{}% 34
